0 info it worked if it ends with ok
1 verbose cli [ '/usr/local/bin/node', '/usr/local/bin/npm', 'publish', '.' ]
2 info using npm@3.10.10
3 info using node@v6.11.3
4 verbose publish [ '.' ]
5 silly cache add args [ '.', null ]
6 verbose cache add spec .
7 silly cache add parsed spec Result {
7 silly cache add   raw: '.',
7 silly cache add   scope: null,
7 silly cache add   escapedName: null,
7 silly cache add   name: null,
7 silly cache add   rawSpec: '.',
7 silly cache add   spec: '/Users/liguomin/Work/DisableDragInteract',
7 silly cache add   type: 'directory' }
8 verbose addLocalDirectory /Users/liguomin/.npm/cordova-plugin-disable-draginteraction/0.0.1/package.tgz not in flight; packing
9 verbose correctMkdir /Users/liguomin/.npm correctMkdir not in flight; initializing
10 info lifecycle cordova-plugin-disable-draginteraction@0.0.1~prepublish: cordova-plugin-disable-draginteraction@0.0.1
11 silly lifecycle cordova-plugin-disable-draginteraction@0.0.1~prepublish: no script for prepublish, continuing
12 verbose tar pack [ '/Users/liguomin/.npm/cordova-plugin-disable-draginteraction/0.0.1/package.tgz',
12 verbose tar pack   '/Users/liguomin/Work/DisableDragInteract' ]
13 verbose tarball /Users/liguomin/.npm/cordova-plugin-disable-draginteraction/0.0.1/package.tgz
14 verbose folder /Users/liguomin/Work/DisableDragInteract
15 verbose addLocalTarball adding from inside cache /Users/liguomin/.npm/cordova-plugin-disable-draginteraction/0.0.1/package.tgz
16 verbose correctMkdir /Users/liguomin/.npm correctMkdir not in flight; initializing
17 silly cache afterAdd cordova-plugin-disable-draginteraction@0.0.1
18 verbose afterAdd /Users/liguomin/.npm/cordova-plugin-disable-draginteraction/0.0.1/package/package.json not in flight; writing
19 verbose correctMkdir /Users/liguomin/.npm correctMkdir not in flight; initializing
20 verbose afterAdd /Users/liguomin/.npm/cordova-plugin-disable-draginteraction/0.0.1/package/package.json written
21 silly publish { version: '0.0.1',
21 silly publish   name: 'cordova-plugin-disable-draginteraction',
21 silly publish   cordova_name: 'DisableDragInteract',
21 silly publish   description: 'A plugin that disable the Drag Interaction feature in iOS 11',
21 silly publish   platforms: [ 'ios' ],
21 silly publish   keywords: [ 'Drag', 'Interaction', 'iOS 11' ],
21 silly publish   author: { name: 'Gavin' },
21 silly publish   license: 'MIT',
21 silly publish   readme: 'ERROR: No README data found!',
21 silly publish   _id: 'cordova-plugin-disable-draginteraction@0.0.1',
21 silly publish   scripts: {},
21 silly publish   _shasum: '3afd7322e4df119739ce68702d88d11393a436c4',
21 silly publish   _from: '.' }
22 verbose getPublishConfig undefined
23 silly mapToRegistry name cordova-plugin-disable-draginteraction
24 silly mapToRegistry using default registry
25 silly mapToRegistry registry http://registry.npm.taobao.org/
26 silly mapToRegistry data Result {
26 silly mapToRegistry   raw: 'cordova-plugin-disable-draginteraction',
26 silly mapToRegistry   scope: null,
26 silly mapToRegistry   escapedName: 'cordova-plugin-disable-draginteraction',
26 silly mapToRegistry   name: 'cordova-plugin-disable-draginteraction',
26 silly mapToRegistry   rawSpec: '',
26 silly mapToRegistry   spec: 'latest',
26 silly mapToRegistry   type: 'tag' }
27 silly mapToRegistry uri http://registry.npm.taobao.org/cordova-plugin-disable-draginteraction
28 verbose publish registryBase http://registry.npm.taobao.org/
29 silly publish uploading /Users/liguomin/.npm/cordova-plugin-disable-draginteraction/0.0.1/package.tgz
30 verbose stack Error: auth required for publishing
30 verbose stack     at CachingRegistryClient.publish (/usr/local/lib/node_modules/npm/node_modules/npm-registry-client/lib/publish.js:30:14)
30 verbose stack     at /usr/local/lib/node_modules/npm/lib/publish.js:138:14
30 verbose stack     at mapToRegistry (/usr/local/lib/node_modules/npm/lib/utils/map-to-registry.js:62:3)
30 verbose stack     at publish_ (/usr/local/lib/node_modules/npm/lib/publish.js:107:3)
30 verbose stack     at Array.<anonymous> (/usr/local/lib/node_modules/npm/node_modules/slide/lib/bind-actor.js:15:8)
30 verbose stack     at LOOP (/usr/local/lib/node_modules/npm/node_modules/slide/lib/chain.js:15:14)
30 verbose stack     at LOOP (/usr/local/lib/node_modules/npm/node_modules/slide/lib/chain.js:14:28)
30 verbose stack     at chain (/usr/local/lib/node_modules/npm/node_modules/slide/lib/chain.js:20:5)
30 verbose stack     at /usr/local/lib/node_modules/npm/lib/publish.js:73:5
30 verbose stack     at RES (/usr/local/lib/node_modules/npm/node_modules/inflight/inflight.js:23:14)
31 verbose cwd /Users/liguomin/Work/DisableDragInteract
32 error Darwin 16.7.0
33 error argv "/usr/local/bin/node" "/usr/local/bin/npm" "publish" "."
34 error node v6.11.3
35 error npm  v3.10.10
36 error code ENEEDAUTH
37 error need auth auth required for publishing
38 error need auth You need to authorize this machine using `npm adduser`
39 verbose exit [ 1, true ]
